<?xml version="1.0" encoding="UTF-8"?>
<!-- Generated by org.testng.reporters.JUnitXMLReporter -->
<testsuite ignored="0" hostname="ESLLAP-3322" failures="3" tests="7" name="Print Payment" time="188.18" errors="0" timestamp="2023-07-25T17:13:05 IST">
  <testcase classname="io.cucumber.testng.AbstractTestNGCucumberTests" name="runScenario" time="41.017">
    <failure type="org.openqa.selenium.TimeoutException" message="Expected condition failed: waiting for visibility of Proxy element for: DefaultElementLocator &amp;apos;By.xpath: //input[@formcontrolname=&amp;apos;principal&amp;apos;]&amp;apos; (tried for 30 second(s) with 500 milliseconds interval)">
      <![CDATA[org.openqa.selenium.TimeoutException: Expected condition failed: waiting for visibility of Proxy element for: DefaultElementLocator 'By.xpath: //input[@formcontrolname='principal']' (tried for 30 second(s) with 500 milliseconds interval)
at org.openqa.selenium.support.ui.WebDriverWait.timeoutException(WebDriverWait.java:95)
at org.openqa.selenium.support.ui.FluentWait.until(FluentWait.java:272)
at StepDefinition_SecondModule.AccountInformation.enter_the_user_name_password(AccountInformation.java:61)
at ✽.Enter the UserName Password(file:///C:/Users/headdala/Downloads/Spartans_Pilot_Project/src/test/resources/FeatureFiles/2_Account_Information/2_1_AccountInformation.feature:6)
Caused by: org.openqa.selenium.NoSuchElementException: no such element: Unable to locate element: {"method":"xpath","selector":"//input[@formcontrolname='principal']"}
  (Session info: chrome=115.0.5790.102)
For documentation on this error, please visit: https://www.seleniumhq.org/exceptions/no_such_element.html
Build info: version: '3.141.59', revision: 'e82be7d358', time: '2018-11-14T08:17:03'
System info: host: 'ESLLAP-3322', ip: '10.192.192.194', os.name: 'Windows 10', os.arch: 'amd64', os.version: '10.0', java.version: '17.0.6'
Driver info: org.openqa.selenium.chrome.ChromeDriver
Capabilities {acceptInsecureCerts: false, browserName: chrome, browserVersion: 115.0.5790.102, chrome: {chromedriverVersion: 114.0.5735.90 (386bc09e8f4f..., userDataDir: C:\Users\headdala\AppData\L...}, goog:chromeOptions: {debuggerAddress: localhost:62341}, javascriptEnabled: true, networkConnectionEnabled: false, pageLoadStrategy: normal, platform: WINDOWS, platformName: WINDOWS, proxy: Proxy(), setWindowRect: true, strictFileInteractability: false, timeouts: {implicit: 0, pageLoad: 300000, script: 30000}, unhandledPromptBehavior: dismiss and notify, webauthn:extension:credBlob: true, webauthn:extension:largeBlob: true, webauthn:extension:minPinLength: true, webauthn:extension:prf: true, webauthn:virtualAuthenticators: true}
Session ID: 4da593f8aebdaf5ab20c04fc04b5f196
*** Element info: {Using=xpath, value=//input[@formcontrolname='principal']}
at org.openqa.selenium.remote.http.W3CHttpResponseCodec.createException(W3CHttpResponseCodec.java:185)
at org.openqa.selenium.remote.http.W3CHttpResponseCodec.decode(W3CHttpResponseCodec.java:120)
at org.openqa.selenium.remote.http.W3CHttpResponseCodec.decode(W3CHttpResponseCodec.java:49)
at org.openqa.selenium.remote.HttpCommandExecutor.execute(HttpCommandExecutor.java:164)
at org.openqa.selenium.remote.service.DriverCommandExecutor.execute(DriverCommandExecutor.java:83)
at org.openqa.selenium.remote.RemoteWebDriver.execute(RemoteWebDriver.java:586)
at org.openqa.selenium.remote.RemoteWebDriver.findElement(RemoteWebDriver.java:356)
at org.openqa.selenium.remote.RemoteWebDriver.findElementByXPath(RemoteWebDriver.java:458)
at org.openqa.selenium.By$ByXPath.findElement(By.java:353)
at org.openqa.selenium.remote.RemoteWebDriver.findElement(RemoteWebDriver.java:348)
at org.openqa.selenium.support.pagefactory.DefaultElementLocator.findElement(DefaultElementLocator.java:69)
at org.openqa.selenium.support.pagefactory.internal.LocatingElementHandler.invoke(LocatingElementHandler.java:38)
at jdk.proxy2/jdk.proxy2.$Proxy24.isDisplayed(Unknown Source)
at org.openqa.selenium.support.ui.ExpectedConditions.elementIfVisible(ExpectedConditions.java:314)
at org.openqa.selenium.support.ui.ExpectedConditions.access$000(ExpectedConditions.java:43)
at org.openqa.selenium.support.ui.ExpectedConditions$10.apply(ExpectedConditions.java:300)
at org.openqa.selenium.support.ui.ExpectedConditions$10.apply(ExpectedConditions.java:297)
at org.openqa.selenium.support.ui.FluentWait.until(FluentWait.java:249)
at StepDefinition_SecondModule.AccountInformation.enter_the_user_name_password(AccountInformation.java:61)
at io.cucumber.java.Invoker.doInvoke(Invoker.java:66)
at io.cucumber.java.Invoker.invoke(Invoker.java:24)
at io.cucumber.java.AbstractGlueDefinition.invokeMethod(AbstractGlueDefinition.java:47)
at io.cucumber.java.JavaStepDefinition.execute(JavaStepDefinition.java:29)
at io.cucumber.core.runner.CoreStepDefinition.execute(CoreStepDefinition.java:66)
at io.cucumber.core.runner.PickleStepDefinitionMatch.runStep(PickleStepDefinitionMatch.java:63)
at io.cucumber.core.runner.ExecutionMode$1.execute(ExecutionMode.java:10)
at io.cucumber.core.runner.TestStep.executeStep(TestStep.java:86)
at io.cucumber.core.runner.TestStep.run(TestStep.java:57)
at io.cucumber.core.runner.PickleStepTestStep.run(PickleStepTestStep.java:51)
at io.cucumber.core.runner.TestCase.run(TestCase.java:95)
at io.cucumber.core.runner.Runner.runPickle(Runner.java:75)
at io.cucumber.testng.TestNGCucumberRunner.lambda$runScenario$1(TestNGCucumberRunner.java:132)
at io.cucumber.core.runtime.CucumberExecutionContext.lambda$runTestCase$3(CucumberExecutionContext.java:110)
at io.cucumber.core.runtime.RethrowingThrowableCollector.executeAndThrow(RethrowingThrowableCollector.java:23)
at io.cucumber.core.runtime.CucumberExecutionContext.runTestCase(CucumberExecutionContext.java:110)
at io.cucumber.testng.TestNGCucumberRunner.runScenario(TestNGCucumberRunner.java:129)
at io.cucumber.testng.AbstractTestNGCucumberTests.runScenario(AbstractTestNGCucumberTests.java:35)
at java.base/java.util.ArrayList.forEach(ArrayList.java:1511)
... Removed 35 stack frames]]>
    </failure>
  </testcase> <!-- runScenario -->
  <testcase classname="io.cucumber.testng.AbstractTestNGCucumberTests" name="runScenario" time="13.336"/>
  <testcase classname="io.cucumber.testng.AbstractTestNGCucumberTests" name="runScenario" time="15.698"/>
  <testcase classname="io.cucumber.testng.AbstractTestNGCucumberTests" name="runScenario" time="47.915">
    <failure type="org.openqa.selenium.TimeoutException" message="Expected condition failed: waiting for visibility of Proxy element for: DefaultElementLocator &amp;apos;By.xpath: //*[contains(text(),&amp;apos;Print&amp;apos;)]&amp;apos; (tried for 30 second(s) with 500 milliseconds interval)">
      <![CDATA[org.openqa.selenium.TimeoutException: Expected condition failed: waiting for visibility of Proxy element for: DefaultElementLocator 'By.xpath: //*[contains(text(),'Print')]' (tried for 30 second(s) with 500 milliseconds interval)
at org.openqa.selenium.support.ui.WebDriverWait.timeoutException(WebDriverWait.java:95)
at org.openqa.selenium.support.ui.FluentWait.until(FluentWait.java:272)
at StepDefinition_SecondModule.AccountInformation.click_the_print_to_confirm_the_payment_details_downloaded(AccountInformation.java:168)
at ✽.click the print to confirm the payment details downloaded(file:///C:/Users/headdala/Downloads/Spartans_Pilot_Project/src/test/resources/FeatureFiles/2_Account_Information/2_1_AccountInformation.feature:32)
Caused by: org.openqa.selenium.NoSuchElementException: no such element: Unable to locate element: {"method":"xpath","selector":"//*[contains(text(),'Print')]"}
  (Session info: chrome=115.0.5790.102)
For documentation on this error, please visit: https://www.seleniumhq.org/exceptions/no_such_element.html
Build info: version: '3.141.59', revision: 'e82be7d358', time: '2018-11-14T08:17:03'
System info: host: 'ESLLAP-3322', ip: '10.192.192.194', os.name: 'Windows 10', os.arch: 'amd64', os.version: '10.0', java.version: '17.0.6'
Driver info: org.openqa.selenium.chrome.ChromeDriver
Capabilities {acceptInsecureCerts: false, browserName: chrome, browserVersion: 115.0.5790.102, chrome: {chromedriverVersion: 114.0.5735.90 (386bc09e8f4f..., userDataDir: C:\Users\headdala\AppData\L...}, goog:chromeOptions: {debuggerAddress: localhost:62525}, javascriptEnabled: true, networkConnectionEnabled: false, pageLoadStrategy: normal, platform: WINDOWS, platformName: WINDOWS, proxy: Proxy(), setWindowRect: true, strictFileInteractability: false, timeouts: {implicit: 0, pageLoad: 300000, script: 30000}, unhandledPromptBehavior: dismiss and notify, webauthn:extension:credBlob: true, webauthn:extension:largeBlob: true, webauthn:extension:minPinLength: true, webauthn:extension:prf: true, webauthn:virtualAuthenticators: true}
Session ID: e369c5613e5129cf7d6cc6511b64cc30
*** Element info: {Using=xpath, value=//*[contains(text(),'Print')]}
at org.openqa.selenium.remote.http.W3CHttpResponseCodec.createException(W3CHttpResponseCodec.java:185)
at org.openqa.selenium.remote.http.W3CHttpResponseCodec.decode(W3CHttpResponseCodec.java:120)
at org.openqa.selenium.remote.http.W3CHttpResponseCodec.decode(W3CHttpResponseCodec.java:49)
at org.openqa.selenium.remote.HttpCommandExecutor.execute(HttpCommandExecutor.java:164)
at org.openqa.selenium.remote.service.DriverCommandExecutor.execute(DriverCommandExecutor.java:83)
at org.openqa.selenium.remote.RemoteWebDriver.execute(RemoteWebDriver.java:586)
at org.openqa.selenium.remote.RemoteWebDriver.findElement(RemoteWebDriver.java:356)
at org.openqa.selenium.remote.RemoteWebDriver.findElementByXPath(RemoteWebDriver.java:458)
at org.openqa.selenium.By$ByXPath.findElement(By.java:353)
at org.openqa.selenium.remote.RemoteWebDriver.findElement(RemoteWebDriver.java:348)
at org.openqa.selenium.support.pagefactory.DefaultElementLocator.findElement(DefaultElementLocator.java:69)
at org.openqa.selenium.support.pagefactory.internal.LocatingElementHandler.invoke(LocatingElementHandler.java:38)
at jdk.proxy2/jdk.proxy2.$Proxy24.isDisplayed(Unknown Source)
at org.openqa.selenium.support.ui.ExpectedConditions.elementIfVisible(ExpectedConditions.java:314)
at org.openqa.selenium.support.ui.ExpectedConditions.access$000(ExpectedConditions.java:43)
at org.openqa.selenium.support.ui.ExpectedConditions$10.apply(ExpectedConditions.java:300)
at org.openqa.selenium.support.ui.ExpectedConditions$10.apply(ExpectedConditions.java:297)
at org.openqa.selenium.support.ui.FluentWait.until(FluentWait.java:249)
at StepDefinition_SecondModule.AccountInformation.click_the_print_to_confirm_the_payment_details_downloaded(AccountInformation.java:168)
at io.cucumber.java.Invoker.doInvoke(Invoker.java:66)
at io.cucumber.java.Invoker.invoke(Invoker.java:24)
at io.cucumber.java.AbstractGlueDefinition.invokeMethod(AbstractGlueDefinition.java:47)
at io.cucumber.java.JavaStepDefinition.execute(JavaStepDefinition.java:29)
at io.cucumber.core.runner.CoreStepDefinition.execute(CoreStepDefinition.java:66)
at io.cucumber.core.runner.PickleStepDefinitionMatch.runStep(PickleStepDefinitionMatch.java:63)
at io.cucumber.core.runner.ExecutionMode$1.execute(ExecutionMode.java:10)
at io.cucumber.core.runner.TestStep.executeStep(TestStep.java:86)
at io.cucumber.core.runner.TestStep.run(TestStep.java:57)
at io.cucumber.core.runner.PickleStepTestStep.run(PickleStepTestStep.java:51)
at io.cucumber.core.runner.TestCase.run(TestCase.java:95)
at io.cucumber.core.runner.Runner.runPickle(Runner.java:75)
at io.cucumber.testng.TestNGCucumberRunner.lambda$runScenario$1(TestNGCucumberRunner.java:132)
at io.cucumber.core.runtime.CucumberExecutionContext.lambda$runTestCase$3(CucumberExecutionContext.java:110)
at io.cucumber.core.runtime.RethrowingThrowableCollector.executeAndThrow(RethrowingThrowableCollector.java:23)
at io.cucumber.core.runtime.CucumberExecutionContext.runTestCase(CucumberExecutionContext.java:110)
at io.cucumber.testng.TestNGCucumberRunner.runScenario(TestNGCucumberRunner.java:129)
at io.cucumber.testng.AbstractTestNGCucumberTests.runScenario(AbstractTestNGCucumberTests.java:35)
at java.base/java.util.ArrayList.forEach(ArrayList.java:1511)
... Removed 35 stack frames]]>
    </failure>
  </testcase> <!-- runScenario -->
  <testcase classname="io.cucumber.testng.AbstractTestNGCucumberTests" name="runScenario" time="28.471">
    <failure type="java.lang.AssertionError" message="expected [No results match the search criteria] but found [Date From / to Description Amount
28/06/2023 Emma Member payment -1,00 IU&amp;apos;s
27/06/2023 Emma Teat -1,00 IU&amp;apos;s
27/06/2023 Emma Teat -1,00 IU&amp;apos;s
27/06/2023 Emma test -100,00 IU&amp;apos;s
13/06/2023 Emma Member payment -20,00 IU&amp;apos;s
01/06/2023 Emma Member payment -100,00 IU&amp;apos;s
01/06/2023 Emma Member payment -25,00 IU&amp;apos;s
01/06/2023 Emma Member payment -30,50 IU&amp;apos;s
29/05/2023 Emma Member payment -300,00 IU&amp;apos;s
29/05/2023 Emma Member payment -1,00 IU&amp;apos;s
27/05/2023 Emma loan -16,67 IU&amp;apos;s
27/05/2023 Emma Member payment -16,67 IU&amp;apos;s
22/05/2023 Emma Member payment -2,00 IU&amp;apos;s
10/05/2023 Emma Member payment -1,00 IU&amp;apos;s
09/05/2023 Emma perftest -1,00 IU&amp;apos;s
05/05/2023 Emma Member payment -123,00 IU&amp;apos;s
28/04/2023 Emma Member payment -500,00 IU&amp;apos;s
20/04/2023 Emma Member payment -500,00 IU&amp;apos;s
19/04/2023 Emma Member payment -1,00 IU&amp;apos;s
19/04/2023 Emma Member payment -366,00 IU&amp;apos;s
12/04/2023 Emma des -3,00 IU&amp;apos;s
12/04/2023 Emma des -3,00 IU&amp;apos;s
12/04/2023 Emma test -12,00 IU&amp;apos;s
10/04/2023 Emma Business -1,00 IU&amp;apos;s
10/04/2023 Emma Amount -1,00 IU&amp;apos;s
08/04/2023 Emma Member payment -1,00 IU&amp;apos;s
08/04/2023 Emma Member payment -1,00 IU&amp;apos;s
03/04/2023 Emma Business -1,00 IU&amp;apos;s
03/04/2023 Emma Business -1,00 IU&amp;apos;s
01/04/2023 Emma joiikbjkbjkkbkklbjkjkjkjkjjjkjkkjkjbk -1,00 IU&amp;apos;s
29/03/2023 Emma Member payment -0,10 IU&amp;apos;s
29/03/2023 Emma Member payment -10,00 IU&amp;apos;s
29/03/2023 Emma Member payment -10,00 IU&amp;apos;s
28/03/2023 Emma Emma -2,00 IU&amp;apos;s
24/03/2023 Emma pay it -200,00 IU&amp;apos;s
24/03/2023 Emma Member payment -1,00 IU&amp;apos;s
22/03/2023 Emma test1 -1,00 IU&amp;apos;s
22/03/2023 Emma test1 -1,00 IU&amp;apos;s
20/03/2023 Emma Test -2,00 IU&amp;apos;s
18/03/2023 Emma Member payment -12,00 IU&amp;apos;s
Showing 1 - 40 results
‹
1
2
›]">
      <![CDATA[java.lang.AssertionError: expected [No results match the search criteria] but found [Date From / to Description Amount
28/06/2023 Emma Member payment -1,00 IU's
27/06/2023 Emma Teat -1,00 IU's
27/06/2023 Emma Teat -1,00 IU's
27/06/2023 Emma test -100,00 IU's
13/06/2023 Emma Member payment -20,00 IU's
01/06/2023 Emma Member payment -100,00 IU's
01/06/2023 Emma Member payment -25,00 IU's
01/06/2023 Emma Member payment -30,50 IU's
29/05/2023 Emma Member payment -300,00 IU's
29/05/2023 Emma Member payment -1,00 IU's
27/05/2023 Emma loan -16,67 IU's
27/05/2023 Emma Member payment -16,67 IU's
22/05/2023 Emma Member payment -2,00 IU's
10/05/2023 Emma Member payment -1,00 IU's
09/05/2023 Emma perftest -1,00 IU's
05/05/2023 Emma Member payment -123,00 IU's
28/04/2023 Emma Member payment -500,00 IU's
20/04/2023 Emma Member payment -500,00 IU's
19/04/2023 Emma Member payment -1,00 IU's
19/04/2023 Emma Member payment -366,00 IU's
12/04/2023 Emma des -3,00 IU's
12/04/2023 Emma des -3,00 IU's
12/04/2023 Emma test -12,00 IU's
10/04/2023 Emma Business -1,00 IU's
10/04/2023 Emma Amount -1,00 IU's
08/04/2023 Emma Member payment -1,00 IU's
08/04/2023 Emma Member payment -1,00 IU's
03/04/2023 Emma Business -1,00 IU's
03/04/2023 Emma Business -1,00 IU's
01/04/2023 Emma joiikbjkbjkkbkklbjkjkjkjkjjjkjkkjkjbk -1,00 IU's
29/03/2023 Emma Member payment -0,10 IU's
29/03/2023 Emma Member payment -10,00 IU's
29/03/2023 Emma Member payment -10,00 IU's
28/03/2023 Emma Emma -2,00 IU's
24/03/2023 Emma pay it -200,00 IU's
24/03/2023 Emma Member payment -1,00 IU's
22/03/2023 Emma test1 -1,00 IU's
22/03/2023 Emma test1 -1,00 IU's
20/03/2023 Emma Test -2,00 IU's
18/03/2023 Emma Member payment -12,00 IU's
Showing 1 - 40 results
‹
1
2
›]
at StepDefinition_SecondModule.AccountInformation.select_anyone_from_orderby(AccountInformation.java:266)
at ✽.Select anyone from orderby(file:///C:/Users/headdala/Downloads/Spartans_Pilot_Project/src/test/resources/FeatureFiles/2_Account_Information/2_1_AccountInformation.feature:51)
... Removed 6 stack frames]]>
    </failure>
  </testcase> <!-- runScenario -->
  <testcase classname="io.cucumber.testng.AbstractTestNGCucumberTests" name="runScenario" time="21.458"/>
  <testcase classname="io.cucumber.testng.AbstractTestNGCucumberTests" name="runScenario" time="19.401"/>
</testsuite> <!-- Print Payment -->
